<?xml version="1.0" encoding="UTF-8"?>
<!-- Generated by org.testng.reporters.JUnitXMLReporter -->
<testsuite ignored="0" hostname="NishMage" failures="0" tests="4" name="Default test" time="0.049" errors="0" timestamp="2025-12-18T22:32:50 IST">
  <testcase classname="package3.PreserveOrderTest" name="D" time="0.009"/>
  <testcase classname="package3.PreserveOrderTest" name="B" time="0.002"/>
  <testcase classname="package3.PreserveOrderTest" name="A" time="0.001"/>
  <testcase classname="package3.PreserveOrderTest" name="C" time="0.003"/>
</testsuite> <!-- Default test -->
