<?xml version="1.0" encoding="UTF-8"?>
<testng-results ignored="0" total="5" passed="5" failed="0" skipped="0">
  <reporter-output>
  </reporter-output>
  <suite started-at="2025-01-21T15:14:00 IST" name="Suite" finished-at="2025-01-21T15:14:03 IST" duration-ms="2785">
    <groups>
    </groups>
    <test started-at="2025-01-21T15:14:00 IST" name="Test" finished-at="2025-01-21T15:14:03 IST" duration-ms="2785">
      <class name="fakeStoreAPI.ConcurrentTesting">
        <test-method signature="method4()[pri:0, instance:fakeStoreAPI.ConcurrentTesting@6221a451]" started-at="2025-01-21T15:14:00 IST" name="method4" finished-at="2025-01-21T15:14:03 IST" duration-ms="2738" status="PASS">
          <reporter-output>
          </reporter-output>
        </test-method> <!-- method4 -->
        <test-method signature="method1()[pri:1, instance:fakeStoreAPI.ConcurrentTesting@6221a451]" started-at="2025-01-21T15:14:00 IST" name="method1" finished-at="2025-01-21T15:14:03 IST" duration-ms="2737" status="PASS">
          <reporter-output>
          </reporter-output>
        </test-method> <!-- method1 -->
        <test-method signature="method3()[pri:0, instance:fakeStoreAPI.ConcurrentTesting@6221a451]" started-at="2025-01-21T15:14:00 IST" name="method3" finished-at="2025-01-21T15:14:03 IST" duration-ms="2738" status="PASS">
          <reporter-output>
          </reporter-output>
        </test-method> <!-- method3 -->
        <test-method signature="method2()[pri:0, instance:fakeStoreAPI.ConcurrentTesting@6221a451]" started-at="2025-01-21T15:14:00 IST" name="method2" finished-at="2025-01-21T15:14:03 IST" duration-ms="2737" status="PASS">
          <reporter-output>
          </reporter-output>
        </test-method> <!-- method2 -->
        <test-method signature="method5()[pri:0, instance:fakeStoreAPI.ConcurrentTesting@6221a451]" started-at="2025-01-21T15:14:00 IST" name="method5" finished-at="2025-01-21T15:14:03 IST" duration-ms="2736" status="PASS">
          <reporter-output>
          </reporter-output>
        </test-method> <!-- method5 -->
      </class> <!-- fakeStoreAPI.ConcurrentTesting -->
    </test> <!-- Test -->
  </suite> <!-- Suite -->
</testng-results>
