<?xml version="1.0" encoding="UTF-8"?>
<!-- Generated by org.testng.reporters.JUnitReportReporter -->
<testsuite hostname="NishMage" failures="0" tests="3" name="Runner.TestRunner" time="28.894" errors="0" timestamp="2024-10-25T11:08:24 IST" skipped="0">
  <testcase classname="Runner.TestRunner" name="runScenario" time="8.749"/>
  <testcase classname="Runner.TestRunner" name="runScenario" time="5.769"/>
  <testcase classname="Runner.TestRunner" name="runScenario" time="14.376"/>
</testsuite> <!-- Runner.TestRunner -->
