<?xml version="1.0" encoding="UTF-8"?>
<!-- Generated by org.testng.reporters.JUnitReportReporter -->
<testsuite hostname="NishMage" failures="0" tests="4" name="fakeStoreAPI.Product_Management" time="1.732" errors="0" timestamp="2025-01-20T16:19:34 IST" skipped="0">
  <testcase classname="fakeStoreAPI.Product_Management" name="update_product" time="0.396"/>
  <testcase classname="fakeStoreAPI.Product_Management" name="delete_product" time="0.497"/>
  <testcase classname="fakeStoreAPI.Product_Management" name="create_product" time="0.453"/>
  <testcase classname="fakeStoreAPI.Product_Management" name="retrieve_product" time="0.386"/>
</testsuite> <!-- fakeStoreAPI.Product_Management -->
