<?xml version="1.0" encoding="UTF-8"?>
<!-- Generated by org.testng.reporters.JUnitReportReporter -->
<testsuite hostname="NishMage" failures="0" tests="5" name="fakeStoreAPI.Concurrent_Testing" time="15.515" errors="0" timestamp="2025-01-21T12:03:15 IST" skipped="0">
  <testcase classname="fakeStoreAPI.Concurrent_Testing" name="method3" time="3.103"/>
  <testcase classname="fakeStoreAPI.Concurrent_Testing" name="method4" time="3.103"/>
  <testcase classname="fakeStoreAPI.Concurrent_Testing" name="method5" time="3.104"/>
  <testcase classname="fakeStoreAPI.Concurrent_Testing" name="method2" time="3.102"/>
  <testcase classname="fakeStoreAPI.Concurrent_Testing" name="method1" time="3.103"/>
</testsuite> <!-- fakeStoreAPI.Concurrent_Testing -->
