<?xml version="1.0" encoding="UTF-8"?>
<!-- Generated by org.testng.reporters.JUnitReportReporter -->
<testsuite hostname="NishMage" failures="0" tests="3" name="fakeStoreAPI.Order_Processing" time="1.383" errors="0" timestamp="2025-01-20T16:19:34 IST" skipped="0">
  <testcase classname="fakeStoreAPI.Order_Processing" name="retrieve_order" time="0.522"/>
  <testcase classname="fakeStoreAPI.Order_Processing" name="delete_order" time="0.507"/>
  <testcase classname="fakeStoreAPI.Order_Processing" name="new_order" time="0.354"/>
</testsuite> <!-- fakeStoreAPI.Order_Processing -->
