<?xml version="1.0" encoding="UTF-8"?>
<!-- Generated by org.testng.reporters.JUnitReportReporter -->
<testsuite hostname="NishMage" failures="0" tests="3" name="fakeStoreAPI.OrderProcessing" time="1.376" errors="0" timestamp="2025-01-21T14:47:42 IST" skipped="0">
  <testcase classname="fakeStoreAPI.OrderProcessing" name="retrieveOrder" time="0.458"/>
  <testcase classname="fakeStoreAPI.OrderProcessing" name="deleteOrder" time="0.515"/>
  <testcase classname="fakeStoreAPI.OrderProcessing" name="newOrder" time="0.403"/>
</testsuite> <!-- fakeStoreAPI.OrderProcessing -->
