<?xml version="1.0" encoding="UTF-8"?>
<!-- Generated by org.testng.reporters.JUnitReportReporter -->
<testsuite hostname="NishMage" failures="0" tests="4" name="fakeStoreAPI.ProductManagement" time="1.722" errors="0" timestamp="2025-01-21T14:47:42 IST" skipped="0">
  <testcase classname="fakeStoreAPI.ProductManagement" name="retrieveProduct" time="0.395"/>
  <testcase classname="fakeStoreAPI.ProductManagement" name="deleteProduct" time="0.450"/>
  <testcase classname="fakeStoreAPI.ProductManagement" name="createProduct" time="0.489"/>
  <testcase classname="fakeStoreAPI.ProductManagement" name="updateProduct" time="0.388"/>
</testsuite> <!-- fakeStoreAPI.ProductManagement -->
