<?xml version="1.0" encoding="UTF-8"?>
<testng-results ignored="0" total="4" passed="3" failed="1" skipped="0">
  <reporter-output>
  </reporter-output>
  <suite started-at="2025-08-21T15:35:54 IST" name="Default suite" finished-at="2025-08-21T15:35:58 IST" duration-ms="3792">
    <groups>
    </groups>
    <test started-at="2025-08-21T15:35:54 IST" name="Default test" finished-at="2025-08-21T15:35:58 IST" duration-ms="3792">
      <class name="goRestAPI.Posts">
        <test-method signature="create_post(int)[pri:0, instance:goRestAPI.Posts@229c6181]" started-at="2025-08-21T15:35:54 IST" name="create_post" finished-at="2025-08-21T15:35:54 IST" duration-ms="0" status="FAIL">
          <exception class="org.testng.TestNGException">
            <message>
              <![CDATA[
Parameter 'userid' is required by @Test on method create_post but has not been marked @Optional or defined
in C:\Users\mages\AppData\Local\Temp\testng-eclipse--1524720136\testng-customsuite.xml]]>
            </message>
            <full-stacktrace>
              <![CDATA[org.testng.TestNGException: 
Parameter 'userid' is required by @Test on method create_post but has not been marked @Optional or defined
in C:\Users\mages\AppData\Local\Temp\testng-eclipse--1524720136\testng-customsuite.xml
at org.testng.internal.Parameters.createParams(Parameters.java:267)
at org.testng.internal.Parameters.createParametersForMethod(Parameters.java:355)
at org.testng.internal.Parameters.createParameters(Parameters.java:684)
at org.testng.internal.Parameters.handleParameters(Parameters.java:879)
at org.testng.internal.Parameters.handleParameters(Parameters.java:728)
at org.testng.internal.invokers.ParameterHandler.handleParameters(ParameterHandler.java:72)
at org.testng.internal.invokers.ParameterHandler.createParameters(ParameterHandler.java:51)
at org.testng.internal.invokers.TestInvoker$MethodInvocationAgent.invoke(TestInvoker.java:911)
at org.testng.internal.invokers.TestInvoker.invokeTestMethods(TestInvoker.java:200)
at org.testng.internal.invokers.TestMethodWorker.invokeTestMethods(TestMethodWorker.java:148)
at org.testng.internal.invokers.TestMethodWorker.run(TestMethodWorker.java:128)
at java.base/java.util.ArrayList.forEach(ArrayList.java:1597)
at org.testng.TestRunner.privateRun(TestRunner.java:848)
at org.testng.TestRunner.run(TestRunner.java:621)
at org.testng.SuiteRunner.runTest(SuiteRunner.java:443)
at org.testng.SuiteRunner.runSequentially(SuiteRunner.java:437)
at org.testng.SuiteRunner.privateRun(SuiteRunner.java:397)
at org.testng.SuiteRunner.run(SuiteRunner.java:336)
at org.testng.SuiteRunnerWorker.runSuite(SuiteRunnerWorker.java:52)
at org.testng.SuiteRunnerWorker.run(SuiteRunnerWorker.java:95)
at org.testng.TestNG.runSuitesSequentially(TestNG.java:1280)
at org.testng.TestNG.runSuitesLocally(TestNG.java:1200)
at org.testng.TestNG.runSuites(TestNG.java:1114)
at org.testng.TestNG.run(TestNG.java:1082)
at org.testng.remote.AbstractRemoteTestNG.run(AbstractRemoteTestNG.java:115)
at org.testng.remote.RemoteTestNG.initAndRun(RemoteTestNG.java:293)
at org.testng.remote.RemoteTestNG.main(RemoteTestNG.java:91)
]]>
            </full-stacktrace>
          </exception> <!-- org.testng.TestNGException -->
          <reporter-output>
          </reporter-output>
        </test-method> <!-- create_post -->
        <test-method signature="get_all_posts()[pri:0, instance:goRestAPI.Posts@229c6181]" started-at="2025-08-21T15:35:54 IST" name="get_all_posts" finished-at="2025-08-21T15:35:56 IST" duration-ms="1976" status="PASS">
          <reporter-output>
          </reporter-output>
        </test-method> <!-- get_all_posts -->
        <test-method signature="get_posts_by_id()[pri:0, instance:goRestAPI.Posts@229c6181]" started-at="2025-08-21T15:35:56 IST" name="get_posts_by_id" finished-at="2025-08-21T15:35:57 IST" duration-ms="1247" status="PASS">
          <reporter-output>
          </reporter-output>
        </test-method> <!-- get_posts_by_id -->
        <test-method signature="get_posts_by_userid()[pri:0, instance:goRestAPI.Posts@229c6181]" started-at="2025-08-21T15:35:57 IST" name="get_posts_by_userid" finished-at="2025-08-21T15:35:58 IST" duration-ms="514" status="PASS">
          <reporter-output>
          </reporter-output>
        </test-method> <!-- get_posts_by_userid -->
      </class> <!-- goRestAPI.Posts -->
    </test> <!-- Default test -->
  </suite> <!-- Default suite -->
</testng-results>
