<?xml version="1.0" encoding="UTF-8"?>
<!-- Generated by org.testng.reporters.JUnitXMLReporter -->
<testsuite ignored="0" hostname="NishMage" failures="1" tests="1" name="Test" time="18.715" errors="0" timestamp="2025-06-09T10:58:23 IST">
  <testcase classname="com.Edureka.Appium_testing.NewTest" name="@AfterClass close" time="0.001">
    <failure type="java.lang.NullPointerException" message="Cannot invoke &amp;quot;io.appium.java_client.android.AndroidDriver.close()&amp;quot; because &amp;quot;this.driver&amp;quot; is null">
      <![CDATA[java.lang.NullPointerException: Cannot invoke "io.appium.java_client.android.AndroidDriver.close()" because "this.driver" is null
at com.Edureka.Appium_testing.NewTest.close(NewTest.java:71)
at java.base/java.util.ArrayList.forEach(ArrayList.java:1597)
... Removed 23 stack frames]]>
    </failure>
  </testcase> <!-- @AfterClass close -->
  <testcase classname="com.Edureka.Appium_testing.NewTest" name="search_maps" time="0.032">
    <failure type="java.lang.NullPointerException" message="Cannot invoke &amp;quot;io.appium.java_client.android.AndroidDriver.findElement(org.openqa.selenium.By)&amp;quot; because &amp;quot;this.driver&amp;quot; is null">
      <![CDATA[java.lang.NullPointerException: Cannot invoke "io.appium.java_client.android.AndroidDriver.findElement(org.openqa.selenium.By)" because "this.driver" is null
at com.Edureka.Appium_testing.NewTest.search_maps(NewTest.java:47)
at java.base/java.util.ArrayList.forEach(ArrayList.java:1597)
... Removed 25 stack frames]]>
    </failure>
  </testcase> <!-- search_maps -->
</testsuite> <!-- Test -->
