<?xml version="1.0" encoding="UTF-8"?>
<!-- Generated by org.testng.reporters.JUnitXMLReporter -->
<testsuite ignored="0" hostname="NishMage" failures="3" tests="4" name="Test" time="78.545" errors="0" timestamp="2025-09-04T16:53:00 IST">
  <testcase classname="flipkart.AddToWishlist" name="@BeforeClass login" time="42.052">
    <failure type="org.openqa.selenium.NoSuchElementException" message="An element could not be located on the page using the given search parameters.
For documentation on this error, please visit: https://www.selenium.dev/documentation/webdriver/troubleshooting/errors#no-such-element-exception
Build info: version: &amp;apos;4.34.0&amp;apos;, revision: &amp;apos;707dcb4246*&amp;apos;
System info: os.name: &amp;apos;Windows 11&amp;apos;, os.arch: &amp;apos;amd64&amp;apos;, os.version: &amp;apos;10.0&amp;apos;, java.version: &amp;apos;22.0.1&amp;apos;
Driver info: io.appium.java_client.android.AndroidDriver
Command: [63a33845-2dcb-402c-831b-e35b2b6f9360, findElement {using=id, value=com.flipkart.android:id/otp_view}]
Capabilities {appium:appActivity: com.flipkart.android.activi..., appium:appPackage: com.flipkart.android, appium:autoGrantPermissions: true, appium:automationName: UiAutomator2, appium:chromedriverExecutable: ..\ChromeDriver\chromedrive..., appium:databaseEnabled: false, appium:desired: {appActivity: com.flipkart.android.activi..., appPackage: com.flipkart.android, autoGrantPermissions: true, automationName: UiAutomator2, chromedriverExecutable: ..\ChromeDriver\chromedrive..., deviceName: HA23P8P0, fullReset: false, noReset: true, platformName: ANDROID, platformVersion: 15.0}, appium:deviceApiLevel: 35, appium:deviceManufacturer: LENOVO, appium:deviceModel: TB330XUP, appium:deviceName: HA23P8P0, appium:deviceScreenDensity: 240, appium:deviceScreenSize: 1200x1920, appium:deviceUDID: HA23P8P0, appium:fullReset: false, appium:javascriptEnabled: true, appium:locationContextEnabled: false, appium:networkConnectionEnabled: true, appium:noReset: true, appium:pixelRatio: 1.5, appium:platformVersion: 15, appium:statBarHeight: 59, appium:takesScreenshot: true, appium:viewportRect: {height: 1861, left: 0, top: 59, width: 1200}, appium:warnings: {}, appium:webStorageEnabled: false, platformName: ANDROID}
Session ID: 63a33845-2dcb-402c-831b-e35b2b6f9360">
      <![CDATA[org.openqa.selenium.NoSuchElementException: An element could not be located on the page using the given search parameters.
For documentation on this error, please visit: https://www.selenium.dev/documentation/webdriver/troubleshooting/errors#no-such-element-exception
Build info: version: '4.34.0', revision: '707dcb4246*'
System info: os.name: 'Windows 11', os.arch: 'amd64', os.version: '10.0', java.version: '22.0.1'
Driver info: io.appium.java_client.android.AndroidDriver
Command: [63a33845-2dcb-402c-831b-e35b2b6f9360, findElement {using=id, value=com.flipkart.android:id/otp_view}]
Capabilities {appium:appActivity: com.flipkart.android.activi..., appium:appPackage: com.flipkart.android, appium:autoGrantPermissions: true, appium:automationName: UiAutomator2, appium:chromedriverExecutable: ..\ChromeDriver\chromedrive..., appium:databaseEnabled: false, appium:desired: {appActivity: com.flipkart.android.activi..., appPackage: com.flipkart.android, autoGrantPermissions: true, automationName: UiAutomator2, chromedriverExecutable: ..\ChromeDriver\chromedrive..., deviceName: HA23P8P0, fullReset: false, noReset: true, platformName: ANDROID, platformVersion: 15.0}, appium:deviceApiLevel: 35, appium:deviceManufacturer: LENOVO, appium:deviceModel: TB330XUP, appium:deviceName: HA23P8P0, appium:deviceScreenDensity: 240, appium:deviceScreenSize: 1200x1920, appium:deviceUDID: HA23P8P0, appium:fullReset: false, appium:javascriptEnabled: true, appium:locationContextEnabled: false, appium:networkConnectionEnabled: true, appium:noReset: true, appium:pixelRatio: 1.5, appium:platformVersion: 15, appium:statBarHeight: 59, appium:takesScreenshot: true, appium:viewportRect: {height: 1861, left: 0, top: 59, width: 1200}, appium:warnings: {}, appium:webStorageEnabled: false, platformName: ANDROID}
Session ID: 63a33845-2dcb-402c-831b-e35b2b6f9360
at org.openqa.selenium.remote.ErrorCodec.decode(ErrorCodec.java:167)
at org.openqa.selenium.remote.codec.w3c.W3CHttpResponseCodec.decode(W3CHttpResponseCodec.java:138)
at org.openqa.selenium.remote.codec.w3c.W3CHttpResponseCodec.decode(W3CHttpResponseCodec.java:50)
at org.openqa.selenium.remote.HttpCommandExecutor.execute(HttpCommandExecutor.java:215)
at io.appium.java_client.remote.AppiumCommandExecutor.execute(AppiumCommandExecutor.java:244)
at org.openqa.selenium.remote.RemoteWebDriver.execute(RemoteWebDriver.java:544)
at org.openqa.selenium.remote.ElementLocation$ElementFinder$2.findElement(ElementLocation.java:165)
at org.openqa.selenium.remote.ElementLocation.findElement(ElementLocation.java:66)
at org.openqa.selenium.remote.RemoteWebDriver.findElement(RemoteWebDriver.java:367)
at org.openqa.selenium.remote.RemoteWebDriver.findElement(RemoteWebDriver.java:361)
at flipkart.BaseClass.login(BaseClass.java:81)
at flipkart.AddToWishlist.login(AddToWishlist.java:31)
at java.base/java.util.ArrayList.forEach(ArrayList.java:1597)
... Removed 26 stack frames]]>
    </failure>
  </testcase> <!-- @BeforeClass login -->
  <testcase classname="flipkart.Payment" name="@AfterClass logout" time="11.608">
    <failure type="org.openqa.selenium.NoSuchElementException" message="An element could not be located on the page using the given search parameters.
For documentation on this error, please visit: https://www.selenium.dev/documentation/webdriver/troubleshooting/errors#no-such-element-exception
Build info: version: &amp;apos;4.34.0&amp;apos;, revision: &amp;apos;707dcb4246*&amp;apos;
System info: os.name: &amp;apos;Windows 11&amp;apos;, os.arch: &amp;apos;amd64&amp;apos;, os.version: &amp;apos;10.0&amp;apos;, java.version: &amp;apos;22.0.1&amp;apos;
Driver info: io.appium.java_client.android.AndroidDriver
Command: [63a33845-2dcb-402c-831b-e35b2b6f9360, findElement {using=xpath, value=//android.view.ViewGroup[@content-desc=&amp;apos;Log Out&amp;apos;]}]
Capabilities {appium:appActivity: com.flipkart.android.activi..., appium:appPackage: com.flipkart.android, appium:autoGrantPermissions: true, appium:automationName: UiAutomator2, appium:chromedriverExecutable: ..\ChromeDriver\chromedrive..., appium:databaseEnabled: false, appium:desired: {appActivity: com.flipkart.android.activi..., appPackage: com.flipkart.android, autoGrantPermissions: true, automationName: UiAutomator2, chromedriverExecutable: ..\ChromeDriver\chromedrive..., deviceName: HA23P8P0, fullReset: false, noReset: true, platformName: ANDROID, platformVersion: 15.0}, appium:deviceApiLevel: 35, appium:deviceManufacturer: LENOVO, appium:deviceModel: TB330XUP, appium:deviceName: HA23P8P0, appium:deviceScreenDensity: 240, appium:deviceScreenSize: 1200x1920, appium:deviceUDID: HA23P8P0, appium:fullReset: false, appium:javascriptEnabled: true, appium:locationContextEnabled: false, appium:networkConnectionEnabled: true, appium:noReset: true, appium:pixelRatio: 1.5, appium:platformVersion: 15, appium:statBarHeight: 59, appium:takesScreenshot: true, appium:viewportRect: {height: 1861, left: 0, top: 59, width: 1200}, appium:warnings: {}, appium:webStorageEnabled: false, platformName: ANDROID}
Session ID: 63a33845-2dcb-402c-831b-e35b2b6f9360">
      <![CDATA[org.openqa.selenium.NoSuchElementException: An element could not be located on the page using the given search parameters.
For documentation on this error, please visit: https://www.selenium.dev/documentation/webdriver/troubleshooting/errors#no-such-element-exception
Build info: version: '4.34.0', revision: '707dcb4246*'
System info: os.name: 'Windows 11', os.arch: 'amd64', os.version: '10.0', java.version: '22.0.1'
Driver info: io.appium.java_client.android.AndroidDriver
Command: [63a33845-2dcb-402c-831b-e35b2b6f9360, findElement {using=xpath, value=//android.view.ViewGroup[@content-desc='Log Out']}]
Capabilities {appium:appActivity: com.flipkart.android.activi..., appium:appPackage: com.flipkart.android, appium:autoGrantPermissions: true, appium:automationName: UiAutomator2, appium:chromedriverExecutable: ..\ChromeDriver\chromedrive..., appium:databaseEnabled: false, appium:desired: {appActivity: com.flipkart.android.activi..., appPackage: com.flipkart.android, autoGrantPermissions: true, automationName: UiAutomator2, chromedriverExecutable: ..\ChromeDriver\chromedrive..., deviceName: HA23P8P0, fullReset: false, noReset: true, platformName: ANDROID, platformVersion: 15.0}, appium:deviceApiLevel: 35, appium:deviceManufacturer: LENOVO, appium:deviceModel: TB330XUP, appium:deviceName: HA23P8P0, appium:deviceScreenDensity: 240, appium:deviceScreenSize: 1200x1920, appium:deviceUDID: HA23P8P0, appium:fullReset: false, appium:javascriptEnabled: true, appium:locationContextEnabled: false, appium:networkConnectionEnabled: true, appium:noReset: true, appium:pixelRatio: 1.5, appium:platformVersion: 15, appium:statBarHeight: 59, appium:takesScreenshot: true, appium:viewportRect: {height: 1861, left: 0, top: 59, width: 1200}, appium:warnings: {}, appium:webStorageEnabled: false, platformName: ANDROID}
Session ID: 63a33845-2dcb-402c-831b-e35b2b6f9360
at org.openqa.selenium.remote.ErrorCodec.decode(ErrorCodec.java:167)
at org.openqa.selenium.remote.codec.w3c.W3CHttpResponseCodec.decode(W3CHttpResponseCodec.java:138)
at org.openqa.selenium.remote.codec.w3c.W3CHttpResponseCodec.decode(W3CHttpResponseCodec.java:50)
at org.openqa.selenium.remote.HttpCommandExecutor.execute(HttpCommandExecutor.java:215)
at io.appium.java_client.remote.AppiumCommandExecutor.execute(AppiumCommandExecutor.java:244)
at org.openqa.selenium.remote.RemoteWebDriver.execute(RemoteWebDriver.java:544)
at org.openqa.selenium.remote.ElementLocation$ElementFinder$2.findElement(ElementLocation.java:165)
at org.openqa.selenium.remote.ElementLocation.findElement(ElementLocation.java:59)
at org.openqa.selenium.remote.RemoteWebDriver.findElement(RemoteWebDriver.java:367)
at org.openqa.selenium.remote.RemoteWebDriver.findElement(RemoteWebDriver.java:361)
at flipkart.BaseClass.logout(BaseClass.java:112)
at flipkart.Payment.logout(Payment.java:121)
at java.base/java.util.ArrayList.forEach(ArrayList.java:1597)
... Removed 26 stack frames]]>
    </failure>
  </testcase> <!-- @AfterClass logout -->
  <testcase classname="flipkart.Payment" name="@AfterTest tear_down" time="-1.756984980525E9">
    <skipped/>
  </testcase> <!-- @AfterTest tear_down -->
  <testcase classname="flipkart.AddToWishlist" name="search_by_image" time="0.0">
    <skipped/>
  </testcase> <!-- search_by_image -->
  <testcase classname="flipkart.AddToCart" name="search_products" time="3.168">
    <failure type="org.openqa.selenium.NoSuchElementException" message="An element could not be located on the page using the given search parameters.
For documentation on this error, please visit: https://www.selenium.dev/documentation/webdriver/troubleshooting/errors#no-such-element-exception
Build info: version: &amp;apos;4.34.0&amp;apos;, revision: &amp;apos;707dcb4246*&amp;apos;
System info: os.name: &amp;apos;Windows 11&amp;apos;, os.arch: &amp;apos;amd64&amp;apos;, os.version: &amp;apos;10.0&amp;apos;, java.version: &amp;apos;22.0.1&amp;apos;
Driver info: io.appium.java_client.android.AndroidDriver
Command: [63a33845-2dcb-402c-831b-e35b2b6f9360, findElement {using=xpath, value=//android.view.ViewGroup[@content-desc=&amp;apos;Categories&amp;apos;]}]
Capabilities {appium:appActivity: com.flipkart.android.activi..., appium:appPackage: com.flipkart.android, appium:autoGrantPermissions: true, appium:automationName: UiAutomator2, appium:chromedriverExecutable: ..\ChromeDriver\chromedrive..., appium:databaseEnabled: false, appium:desired: {appActivity: com.flipkart.android.activi..., appPackage: com.flipkart.android, autoGrantPermissions: true, automationName: UiAutomator2, chromedriverExecutable: ..\ChromeDriver\chromedrive..., deviceName: HA23P8P0, fullReset: false, noReset: true, platformName: ANDROID, platformVersion: 15.0}, appium:deviceApiLevel: 35, appium:deviceManufacturer: LENOVO, appium:deviceModel: TB330XUP, appium:deviceName: HA23P8P0, appium:deviceScreenDensity: 240, appium:deviceScreenSize: 1200x1920, appium:deviceUDID: HA23P8P0, appium:fullReset: false, appium:javascriptEnabled: true, appium:locationContextEnabled: false, appium:networkConnectionEnabled: true, appium:noReset: true, appium:pixelRatio: 1.5, appium:platformVersion: 15, appium:statBarHeight: 59, appium:takesScreenshot: true, appium:viewportRect: {height: 1861, left: 0, top: 59, width: 1200}, appium:warnings: {}, appium:webStorageEnabled: false, platformName: ANDROID}
Session ID: 63a33845-2dcb-402c-831b-e35b2b6f9360">
      <![CDATA[org.openqa.selenium.NoSuchElementException: An element could not be located on the page using the given search parameters.
For documentation on this error, please visit: https://www.selenium.dev/documentation/webdriver/troubleshooting/errors#no-such-element-exception
Build info: version: '4.34.0', revision: '707dcb4246*'
System info: os.name: 'Windows 11', os.arch: 'amd64', os.version: '10.0', java.version: '22.0.1'
Driver info: io.appium.java_client.android.AndroidDriver
Command: [63a33845-2dcb-402c-831b-e35b2b6f9360, findElement {using=xpath, value=//android.view.ViewGroup[@content-desc='Categories']}]
Capabilities {appium:appActivity: com.flipkart.android.activi..., appium:appPackage: com.flipkart.android, appium:autoGrantPermissions: true, appium:automationName: UiAutomator2, appium:chromedriverExecutable: ..\ChromeDriver\chromedrive..., appium:databaseEnabled: false, appium:desired: {appActivity: com.flipkart.android.activi..., appPackage: com.flipkart.android, autoGrantPermissions: true, automationName: UiAutomator2, chromedriverExecutable: ..\ChromeDriver\chromedrive..., deviceName: HA23P8P0, fullReset: false, noReset: true, platformName: ANDROID, platformVersion: 15.0}, appium:deviceApiLevel: 35, appium:deviceManufacturer: LENOVO, appium:deviceModel: TB330XUP, appium:deviceName: HA23P8P0, appium:deviceScreenDensity: 240, appium:deviceScreenSize: 1200x1920, appium:deviceUDID: HA23P8P0, appium:fullReset: false, appium:javascriptEnabled: true, appium:locationContextEnabled: false, appium:networkConnectionEnabled: true, appium:noReset: true, appium:pixelRatio: 1.5, appium:platformVersion: 15, appium:statBarHeight: 59, appium:takesScreenshot: true, appium:viewportRect: {height: 1861, left: 0, top: 59, width: 1200}, appium:warnings: {}, appium:webStorageEnabled: false, platformName: ANDROID}
Session ID: 63a33845-2dcb-402c-831b-e35b2b6f9360
at org.openqa.selenium.remote.ErrorCodec.decode(ErrorCodec.java:167)
at org.openqa.selenium.remote.codec.w3c.W3CHttpResponseCodec.decode(W3CHttpResponseCodec.java:138)
at org.openqa.selenium.remote.codec.w3c.W3CHttpResponseCodec.decode(W3CHttpResponseCodec.java:50)
at org.openqa.selenium.remote.HttpCommandExecutor.execute(HttpCommandExecutor.java:215)
at io.appium.java_client.remote.AppiumCommandExecutor.execute(AppiumCommandExecutor.java:244)
at org.openqa.selenium.remote.RemoteWebDriver.execute(RemoteWebDriver.java:544)
at org.openqa.selenium.remote.ElementLocation$ElementFinder$2.findElement(ElementLocation.java:165)
at org.openqa.selenium.remote.ElementLocation.findElement(ElementLocation.java:59)
at org.openqa.selenium.remote.RemoteWebDriver.findElement(RemoteWebDriver.java:367)
at org.openqa.selenium.remote.RemoteWebDriver.findElement(RemoteWebDriver.java:361)
at flipkart.AddToCart.search_products(AddToCart.java:40)
at java.base/java.util.ArrayList.forEach(ArrayList.java:1597)
... Removed 28 stack frames]]>
    </failure>
  </testcase> <!-- search_products -->
  <testcase classname="flipkart.OrderDetails" name="order_details" time="6.976">
    <failure type="org.openqa.selenium.NoSuchElementException" message="An element could not be located on the page using the given search parameters.
For documentation on this error, please visit: https://www.selenium.dev/documentation/webdriver/troubleshooting/errors#no-such-element-exception
Build info: version: &amp;apos;4.34.0&amp;apos;, revision: &amp;apos;707dcb4246*&amp;apos;
System info: os.name: &amp;apos;Windows 11&amp;apos;, os.arch: &amp;apos;amd64&amp;apos;, os.version: &amp;apos;10.0&amp;apos;, java.version: &amp;apos;22.0.1&amp;apos;
Driver info: io.appium.java_client.android.AndroidDriver
Command: [63a33845-2dcb-402c-831b-e35b2b6f9360, findElement {using=xpath, value=//android.widget.TextView[@text=&amp;apos;Orders&amp;apos;]}]
Capabilities {appium:appActivity: com.flipkart.android.activi..., appium:appPackage: com.flipkart.android, appium:autoGrantPermissions: true, appium:automationName: UiAutomator2, appium:chromedriverExecutable: ..\ChromeDriver\chromedrive..., appium:databaseEnabled: false, appium:desired: {appActivity: com.flipkart.android.activi..., appPackage: com.flipkart.android, autoGrantPermissions: true, automationName: UiAutomator2, chromedriverExecutable: ..\ChromeDriver\chromedrive..., deviceName: HA23P8P0, fullReset: false, noReset: true, platformName: ANDROID, platformVersion: 15.0}, appium:deviceApiLevel: 35, appium:deviceManufacturer: LENOVO, appium:deviceModel: TB330XUP, appium:deviceName: HA23P8P0, appium:deviceScreenDensity: 240, appium:deviceScreenSize: 1200x1920, appium:deviceUDID: HA23P8P0, appium:fullReset: false, appium:javascriptEnabled: true, appium:locationContextEnabled: false, appium:networkConnectionEnabled: true, appium:noReset: true, appium:pixelRatio: 1.5, appium:platformVersion: 15, appium:statBarHeight: 59, appium:takesScreenshot: true, appium:viewportRect: {height: 1861, left: 0, top: 59, width: 1200}, appium:warnings: {}, appium:webStorageEnabled: false, platformName: ANDROID}
Session ID: 63a33845-2dcb-402c-831b-e35b2b6f9360">
      <![CDATA[org.openqa.selenium.NoSuchElementException: An element could not be located on the page using the given search parameters.
For documentation on this error, please visit: https://www.selenium.dev/documentation/webdriver/troubleshooting/errors#no-such-element-exception
Build info: version: '4.34.0', revision: '707dcb4246*'
System info: os.name: 'Windows 11', os.arch: 'amd64', os.version: '10.0', java.version: '22.0.1'
Driver info: io.appium.java_client.android.AndroidDriver
Command: [63a33845-2dcb-402c-831b-e35b2b6f9360, findElement {using=xpath, value=//android.widget.TextView[@text='Orders']}]
Capabilities {appium:appActivity: com.flipkart.android.activi..., appium:appPackage: com.flipkart.android, appium:autoGrantPermissions: true, appium:automationName: UiAutomator2, appium:chromedriverExecutable: ..\ChromeDriver\chromedrive..., appium:databaseEnabled: false, appium:desired: {appActivity: com.flipkart.android.activi..., appPackage: com.flipkart.android, autoGrantPermissions: true, automationName: UiAutomator2, chromedriverExecutable: ..\ChromeDriver\chromedrive..., deviceName: HA23P8P0, fullReset: false, noReset: true, platformName: ANDROID, platformVersion: 15.0}, appium:deviceApiLevel: 35, appium:deviceManufacturer: LENOVO, appium:deviceModel: TB330XUP, appium:deviceName: HA23P8P0, appium:deviceScreenDensity: 240, appium:deviceScreenSize: 1200x1920, appium:deviceUDID: HA23P8P0, appium:fullReset: false, appium:javascriptEnabled: true, appium:locationContextEnabled: false, appium:networkConnectionEnabled: true, appium:noReset: true, appium:pixelRatio: 1.5, appium:platformVersion: 15, appium:statBarHeight: 59, appium:takesScreenshot: true, appium:viewportRect: {height: 1861, left: 0, top: 59, width: 1200}, appium:warnings: {}, appium:webStorageEnabled: false, platformName: ANDROID}
Session ID: 63a33845-2dcb-402c-831b-e35b2b6f9360
at org.openqa.selenium.remote.ErrorCodec.decode(ErrorCodec.java:167)
at org.openqa.selenium.remote.codec.w3c.W3CHttpResponseCodec.decode(W3CHttpResponseCodec.java:138)
at org.openqa.selenium.remote.codec.w3c.W3CHttpResponseCodec.decode(W3CHttpResponseCodec.java:50)
at org.openqa.selenium.remote.HttpCommandExecutor.execute(HttpCommandExecutor.java:215)
at io.appium.java_client.remote.AppiumCommandExecutor.execute(AppiumCommandExecutor.java:244)
at org.openqa.selenium.remote.RemoteWebDriver.execute(RemoteWebDriver.java:544)
at org.openqa.selenium.remote.ElementLocation$ElementFinder$2.findElement(ElementLocation.java:165)
at org.openqa.selenium.remote.ElementLocation.findElement(ElementLocation.java:59)
at org.openqa.selenium.remote.RemoteWebDriver.findElement(RemoteWebDriver.java:367)
at org.openqa.selenium.remote.RemoteWebDriver.findElement(RemoteWebDriver.java:361)
at flipkart.OrderDetails.order_details(OrderDetails.java:37)
at java.base/java.util.ArrayList.forEach(ArrayList.java:1597)
... Removed 28 stack frames]]>
    </failure>
  </testcase> <!-- order_details -->
  <testcase classname="flipkart.Payment" name="search_products" time="5.142">
    <failure type="org.openqa.selenium.NoSuchElementException" message="An element could not be located on the page using the given search parameters.
For documentation on this error, please visit: https://www.selenium.dev/documentation/webdriver/troubleshooting/errors#no-such-element-exception
Build info: version: &amp;apos;4.34.0&amp;apos;, revision: &amp;apos;707dcb4246*&amp;apos;
System info: os.name: &amp;apos;Windows 11&amp;apos;, os.arch: &amp;apos;amd64&amp;apos;, os.version: &amp;apos;10.0&amp;apos;, java.version: &amp;apos;22.0.1&amp;apos;
Driver info: io.appium.java_client.android.AndroidDriver
Command: [63a33845-2dcb-402c-831b-e35b2b6f9360, findElement {using=xpath, value=//android.view.ViewGroup[@content-desc=&amp;apos;Categories&amp;apos;]}]
Capabilities {appium:appActivity: com.flipkart.android.activi..., appium:appPackage: com.flipkart.android, appium:autoGrantPermissions: true, appium:automationName: UiAutomator2, appium:chromedriverExecutable: ..\ChromeDriver\chromedrive..., appium:databaseEnabled: false, appium:desired: {appActivity: com.flipkart.android.activi..., appPackage: com.flipkart.android, autoGrantPermissions: true, automationName: UiAutomator2, chromedriverExecutable: ..\ChromeDriver\chromedrive..., deviceName: HA23P8P0, fullReset: false, noReset: true, platformName: ANDROID, platformVersion: 15.0}, appium:deviceApiLevel: 35, appium:deviceManufacturer: LENOVO, appium:deviceModel: TB330XUP, appium:deviceName: HA23P8P0, appium:deviceScreenDensity: 240, appium:deviceScreenSize: 1200x1920, appium:deviceUDID: HA23P8P0, appium:fullReset: false, appium:javascriptEnabled: true, appium:locationContextEnabled: false, appium:networkConnectionEnabled: true, appium:noReset: true, appium:pixelRatio: 1.5, appium:platformVersion: 15, appium:statBarHeight: 59, appium:takesScreenshot: true, appium:viewportRect: {height: 1861, left: 0, top: 59, width: 1200}, appium:warnings: {}, appium:webStorageEnabled: false, platformName: ANDROID}
Session ID: 63a33845-2dcb-402c-831b-e35b2b6f9360">
      <![CDATA[org.openqa.selenium.NoSuchElementException: An element could not be located on the page using the given search parameters.
For documentation on this error, please visit: https://www.selenium.dev/documentation/webdriver/troubleshooting/errors#no-such-element-exception
Build info: version: '4.34.0', revision: '707dcb4246*'
System info: os.name: 'Windows 11', os.arch: 'amd64', os.version: '10.0', java.version: '22.0.1'
Driver info: io.appium.java_client.android.AndroidDriver
Command: [63a33845-2dcb-402c-831b-e35b2b6f9360, findElement {using=xpath, value=//android.view.ViewGroup[@content-desc='Categories']}]
Capabilities {appium:appActivity: com.flipkart.android.activi..., appium:appPackage: com.flipkart.android, appium:autoGrantPermissions: true, appium:automationName: UiAutomator2, appium:chromedriverExecutable: ..\ChromeDriver\chromedrive..., appium:databaseEnabled: false, appium:desired: {appActivity: com.flipkart.android.activi..., appPackage: com.flipkart.android, autoGrantPermissions: true, automationName: UiAutomator2, chromedriverExecutable: ..\ChromeDriver\chromedrive..., deviceName: HA23P8P0, fullReset: false, noReset: true, platformName: ANDROID, platformVersion: 15.0}, appium:deviceApiLevel: 35, appium:deviceManufacturer: LENOVO, appium:deviceModel: TB330XUP, appium:deviceName: HA23P8P0, appium:deviceScreenDensity: 240, appium:deviceScreenSize: 1200x1920, appium:deviceUDID: HA23P8P0, appium:fullReset: false, appium:javascriptEnabled: true, appium:locationContextEnabled: false, appium:networkConnectionEnabled: true, appium:noReset: true, appium:pixelRatio: 1.5, appium:platformVersion: 15, appium:statBarHeight: 59, appium:takesScreenshot: true, appium:viewportRect: {height: 1861, left: 0, top: 59, width: 1200}, appium:warnings: {}, appium:webStorageEnabled: false, platformName: ANDROID}
Session ID: 63a33845-2dcb-402c-831b-e35b2b6f9360
at org.openqa.selenium.remote.ErrorCodec.decode(ErrorCodec.java:167)
at org.openqa.selenium.remote.codec.w3c.W3CHttpResponseCodec.decode(W3CHttpResponseCodec.java:138)
at org.openqa.selenium.remote.codec.w3c.W3CHttpResponseCodec.decode(W3CHttpResponseCodec.java:50)
at org.openqa.selenium.remote.HttpCommandExecutor.execute(HttpCommandExecutor.java:215)
at io.appium.java_client.remote.AppiumCommandExecutor.execute(AppiumCommandExecutor.java:244)
at org.openqa.selenium.remote.RemoteWebDriver.execute(RemoteWebDriver.java:544)
at org.openqa.selenium.remote.ElementLocation$ElementFinder$2.findElement(ElementLocation.java:165)
at org.openqa.selenium.remote.ElementLocation.findElement(ElementLocation.java:59)
at org.openqa.selenium.remote.RemoteWebDriver.findElement(RemoteWebDriver.java:367)
at org.openqa.selenium.remote.RemoteWebDriver.findElement(RemoteWebDriver.java:361)
at flipkart.Payment.search_products(Payment.java:43)
at java.base/java.util.ArrayList.forEach(ArrayList.java:1597)
... Removed 28 stack frames]]>
    </failure>
  </testcase> <!-- search_products -->
</testsuite> <!-- Test -->
