<?xml version="1.0" encoding="UTF-8"?>
<!-- Generated by org.testng.reporters.JUnitXMLReporter -->
<testsuite ignored="0" hostname="NishMage" failures="0" tests="4" name="Test_product" time="1.745" errors="0" timestamp="2025-01-21T14:47:40 IST">
  <testcase classname="fakeStoreAPI.ProductManagement" name="createProduct" time="0.489"/>
  <testcase classname="fakeStoreAPI.ProductManagement" name="retrieveProduct" time="0.395"/>
  <testcase classname="fakeStoreAPI.ProductManagement" name="updateProduct" time="0.388"/>
  <testcase classname="fakeStoreAPI.ProductManagement" name="deleteProduct" time="0.45"/>
</testsuite> <!-- Test_product -->
