<?xml version="1.0" encoding="UTF-8"?>
<!-- Generated by org.testng.reporters.JUnitXMLReporter -->
<testsuite ignored="0" hostname="NishMage" failures="0" tests="5" name="Test" time="2.785" errors="0" timestamp="2025-01-21T15:14:03 IST">
  <testcase classname="fakeStoreAPI.ConcurrentTesting" name="method1" time="2.737"/>
  <testcase classname="fakeStoreAPI.ConcurrentTesting" name="method5" time="2.736"/>
  <testcase classname="fakeStoreAPI.ConcurrentTesting" name="method3" time="2.738"/>
  <testcase classname="fakeStoreAPI.ConcurrentTesting" name="method2" time="2.737"/>
  <testcase classname="fakeStoreAPI.ConcurrentTesting" name="method4" time="2.738"/>
</testsuite> <!-- Test -->
