<?xml version="1.0" encoding="UTF-8"?>
<!-- Generated by org.testng.reporters.JUnitXMLReporter -->
<testsuite ignored="0" hostname="NishMage" failures="0" tests="5" name="Test_user_order" time="4.276" errors="0" timestamp="2025-01-21T14:47:38 IST">
  <testcase classname="fakeStoreAPI.UserManagement" name="authToken" time="2.374"/>
  <testcase classname="fakeStoreAPI.OrderProcessing" name="newOrder" time="0.403"/>
  <testcase classname="fakeStoreAPI.UserManagement" name="registerUser" time="0.444"/>
  <testcase classname="fakeStoreAPI.OrderProcessing" name="retrieveOrder" time="0.458"/>
  <testcase classname="fakeStoreAPI.OrderProcessing" name="deleteOrder" time="0.515"/>
</testsuite> <!-- Test_user_order -->
