<?xml version="1.0" encoding="UTF-8"?>
<!-- Generated by org.testng.reporters.JUnitReportReporter -->
<testsuite hostname="NishMage" failures="0" tests="19" name="package2.EnabledAndDisbaledTest" time="0.042" errors="0" timestamp="2025-12-18T22:30:20 IST" skipped="4">
  <testcase classname="package2.EnabledAndDisbaledTest" name="Registration" time="0.001"/>
  <system-out/>
  <testcase classname="package2.EnabledAndDisbaledTest" name="Registration" time="0.001"/>
  <system-out/>
  <testcase classname="package2.EnabledAndDisbaledTest" name="Registration" time="0.010"/>
  <system-out/>
  <testcase classname="package2.EnabledAndDisbaledTest" name="Registration" time="0.001"/>
  <system-out/>
  <testcase classname="package2.EnabledAndDisbaledTest" name="Registration" time="0.003"/>
  <system-out/>
  <testcase classname="package2.EnabledAndDisbaledTest" name="Registration" time="0.002"/>
  <system-out/>
  <testcase classname="package2.EnabledAndDisbaledTest" name="Registration" time="0.012"/>
  <system-out/>
  <testcase classname="package2.EnabledAndDisbaledTest" name="Registration" time="0.000"/>
  <system-out/>
  <testcase classname="package2.EnabledAndDisbaledTest" name="Registration" time="0.001"/>
  <system-out/>
  <testcase classname="package2.EnabledAndDisbaledTest" name="Registration" time="0.002"/>
  <system-out/>
  <testcase classname="package2.EnabledAndDisbaledTest" name="Registration" time="0.002"/>
  <system-out/>
  <testcase classname="package2.EnabledAndDisbaledTest" name="Registration" time="0.002"/>
  <system-out/>
  <testcase classname="package2.EnabledAndDisbaledTest" name="Registration" time="0.001"/>
  <system-out/>
  <testcase classname="package2.EnabledAndDisbaledTest" name="Registration" time="0.000"/>
  <system-out/>
  <testcase classname="package2.EnabledAndDisbaledTest" name="Registration" time="0.004"/>
  <system-out/>
  <testcase classname="package2.EnabledAndDisbaledTest" name="Test4">
    <skipped/>
  </testcase> <!-- Test4 -->
  <system-out/>
  <testcase classname="package2.EnabledAndDisbaledTest" name="Test3">
    <skipped/>
  </testcase> <!-- Test3 -->
  <system-out/>
  <testcase classname="package2.EnabledAndDisbaledTest" name="Test2">
    <skipped/>
  </testcase> <!-- Test2 -->
  <system-out/>
  <testcase classname="package2.EnabledAndDisbaledTest" name="Test1">
    <skipped/>
  </testcase> <!-- Test1 -->
  <system-out/>
</testsuite> <!-- package2.EnabledAndDisbaledTest -->
