<?xml version="1.0" encoding="UTF-8"?>
<!-- Generated by org.testng.reporters.JUnitReportReporter -->
<testsuite hostname="Rakesh" failures="0" tests="8" name="Runner.TestNGRunner" time="29.252" errors="0" timestamp="2023-08-04T22:50:35 IST" skipped="0">
  <testcase classname="Runner.TestNGRunner" name="runScenario" time="2.372"/>
  <system-out/>
  <testcase classname="Runner.TestNGRunner" name="runScenario" time="1.886"/>
  <system-out/>
  <testcase classname="Runner.TestNGRunner" name="runScenario" time="4.459"/>
  <system-out/>
  <testcase classname="Runner.TestNGRunner" name="runScenario" time="7.717"/>
  <system-out/>
  <testcase classname="Runner.TestNGRunner" name="runScenario" time="4.059"/>
  <system-out/>
  <testcase classname="Runner.TestNGRunner" name="runScenario" time="3.470"/>
  <system-out/>
  <testcase classname="Runner.TestNGRunner" name="runScenario" time="2.601"/>
  <system-out/>
  <testcase classname="Runner.TestNGRunner" name="runScenario" time="2.688"/>
  <system-out/>
</testsuite> <!-- Runner.TestNGRunner -->
