<?xml version="1.0" encoding="UTF-8"?>
<!-- Generated by org.testng.reporters.JUnitReportReporter -->
<testsuite hostname="Rakesh" failures="0" tests="3" name="package1.RegistrationTest" time="0.022" errors="0" timestamp="2023-08-01T21:57:25 IST" skipped="0">
  <testcase classname="package1.RegistrationTest" name="automaiton" time="0.003"/>
  <system-out/>
  <testcase classname="package1.RegistrationTest" name="registration" time="0.002"/>
  <system-out/>
  <testcase classname="package1.RegistrationTest" name="_$_$_$_$_$_$_$_$" time="0.017"/>
  <system-out/>
</testsuite> <!-- package1.RegistrationTest -->
