<?xml version="1.0" encoding="UTF-8"?>
<!-- Generated by org.testng.reporters.JUnitReportReporter -->
<testsuite hostname="NishMage" failures="0" tests="3" name="package3.DependsOnTest" time="0.016" errors="0" timestamp="2025-12-18T22:31:28 IST" skipped="0">
  <testcase classname="package3.DependsOnTest" name="Test1" time="0.001"/>
  <system-out/>
  <testcase classname="package3.DependsOnTest" name="Test2" time="0.001"/>
  <system-out/>
  <testcase classname="package3.DependsOnTest" name="Test3" time="0.014"/>
  <system-out/>
</testsuite> <!-- package3.DependsOnTest -->
