<?xml version="1.0" encoding="UTF-8"?>
<!-- Generated by org.testng.reporters.JUnitReportReporter -->
<testsuite hostname="Rakesh" failures="0" tests="2" name="TestCases.FileAndFramehandlingTest" time="5.579" errors="0" timestamp="2023-08-02T21:05:24 IST" skipped="0">
  <testcase classname="TestCases.FileAndFramehandlingTest" name="frameHandlingTest" time="4.865"/>
  <system-out/>
  <testcase classname="TestCases.FileAndFramehandlingTest" name="FileHandlingTest" time="0.714"/>
  <system-out/>
</testsuite> <!-- TestCases.FileAndFramehandlingTest -->
