<?xml version="1.0" encoding="UTF-8"?>
<!-- Generated by org.testng.reporters.JUnitReportReporter -->
<testsuite hostname="NishMage" failures="0" tests="4" name="package3.PreserveOrderTest" time="0.015" errors="0" timestamp="2025-12-18T22:32:50 IST" skipped="0">
  <testcase classname="package3.PreserveOrderTest" name="D" time="0.009"/>
  <system-out/>
  <testcase classname="package3.PreserveOrderTest" name="B" time="0.002"/>
  <system-out/>
  <testcase classname="package3.PreserveOrderTest" name="A" time="0.001"/>
  <system-out/>
  <testcase classname="package3.PreserveOrderTest" name="C" time="0.003"/>
  <system-out/>
</testsuite> <!-- package3.PreserveOrderTest -->
