<?xml version="1.0" encoding="UTF-8"?>
<!-- Generated by org.testng.reporters.JUnitReportReporter -->
<testsuite hostname="NishMage" failures="0" tests="3" name="package1.CreateNewCustomerTest" time="0.015" errors="0" timestamp="2025-12-18T18:36:14 IST" skipped="0">
  <testcase classname="package1.CreateNewCustomerTest" name="login" time="0.003"/>
  <system-out/>
  <testcase classname="package1.CreateNewCustomerTest" name="Create" time="0.004"/>
  <system-out/>
  <testcase classname="package1.CreateNewCustomerTest" name="modify" time="0.008"/>
  <system-out/>
</testsuite> <!-- package1.CreateNewCustomerTest -->
