<?xml version="1.0" encoding="UTF-8"?>
<testng-results ignored="0" total="1" passed="0" failed="1" skipped="0">
  <reporter-output>
  </reporter-output>
  <suite started-at="2025-08-19T16:35:27 IST" name="Default suite" finished-at="2025-08-19T16:36:25 IST" duration-ms="57450">
    <groups>
    </groups>
    <test started-at="2025-08-19T16:35:27 IST" name="Default test" finished-at="2025-08-19T16:36:25 IST" duration-ms="57450">
      <class name="amazon.Payment">
        <test-method is-config="true" signature="setupDriver()[pri:0, instance:amazon.Payment@4d5650ae]" started-at="2025-08-19T16:35:27 IST" name="setupDriver" finished-at="2025-08-19T16:35:38 IST" duration-ms="10908" status="PASS">
          <reporter-output>
          </reporter-output>
        </test-method> <!-- setupDriver -->
        <test-method signature="search_products()[pri:0, instance:amazon.Payment@4d5650ae]" started-at="2025-08-19T16:35:38 IST" name="search_products" finished-at="2025-08-19T16:36:24 IST" duration-ms="45799" status="FAIL">
          <exception class="org.openqa.selenium.NoSuchElementException">
            <message>
              <![CDATA[An element could not be located on the page using the given search parameters.
For documentation on this error, please visit: https://www.selenium.dev/documentation/webdriver/troubleshooting/errors#no-such-element-exception
Build info: version: '4.34.0', revision: '707dcb4246*'
System info: os.name: 'Windows 11', os.arch: 'amd64', os.version: '10.0', java.version: '22.0.1'
Driver info: io.appium.java_client.android.AndroidDriver
Command: [5d5a9a43-b494-40e3-b1a6-d367f7a37407, findElement {using=xpath, value=//android.widget.TextView[@text='Deliver to: ']}]
Capabilities {appium:appActivity: com.flipkart.android.activi..., appium:appPackage: com.flipkart.android, appium:autoGrantPermissions: true, appium:automationName: UiAutomator2, appium:chromedriverExecutable: ..\ChromeDriver\chromedrive..., appium:databaseEnabled: false, appium:desired: {appActivity: com.flipkart.android.activi..., appPackage: com.flipkart.android, autoGrantPermissions: true, automationName: UiAutomator2, chromedriverExecutable: ..\ChromeDriver\chromedrive..., deviceName: HA23P8P0, fullReset: false, noReset: true, platformName: ANDROID, platformVersion: 15.0}, appium:deviceApiLevel: 35, appium:deviceManufacturer: LENOVO, appium:deviceModel: TB330XUP, appium:deviceName: HA23P8P0, appium:deviceScreenDensity: 240, appium:deviceScreenSize: 1200x1920, appium:deviceUDID: HA23P8P0, appium:fullReset: false, appium:javascriptEnabled: true, appium:locationContextEnabled: false, appium:networkConnectionEnabled: true, appium:noReset: true, appium:pixelRatio: 1.5, appium:platformVersion: 15, appium:statBarHeight: 59, appium:takesScreenshot: true, appium:viewportRect: {height: 1861, left: 0, top: 59, width: 1200}, appium:warnings: {}, appium:webStorageEnabled: false, platformName: ANDROID}
Session ID: 5d5a9a43-b494-40e3-b1a6-d367f7a37407]]>
            </message>
            <full-stacktrace>
              <![CDATA[org.openqa.selenium.NoSuchElementException: An element could not be located on the page using the given search parameters.
For documentation on this error, please visit: https://www.selenium.dev/documentation/webdriver/troubleshooting/errors#no-such-element-exception
Build info: version: '4.34.0', revision: '707dcb4246*'
System info: os.name: 'Windows 11', os.arch: 'amd64', os.version: '10.0', java.version: '22.0.1'
Driver info: io.appium.java_client.android.AndroidDriver
Command: [5d5a9a43-b494-40e3-b1a6-d367f7a37407, findElement {using=xpath, value=//android.widget.TextView[@text='Deliver to: ']}]
Capabilities {appium:appActivity: com.flipkart.android.activi..., appium:appPackage: com.flipkart.android, appium:autoGrantPermissions: true, appium:automationName: UiAutomator2, appium:chromedriverExecutable: ..\ChromeDriver\chromedrive..., appium:databaseEnabled: false, appium:desired: {appActivity: com.flipkart.android.activi..., appPackage: com.flipkart.android, autoGrantPermissions: true, automationName: UiAutomator2, chromedriverExecutable: ..\ChromeDriver\chromedrive..., deviceName: HA23P8P0, fullReset: false, noReset: true, platformName: ANDROID, platformVersion: 15.0}, appium:deviceApiLevel: 35, appium:deviceManufacturer: LENOVO, appium:deviceModel: TB330XUP, appium:deviceName: HA23P8P0, appium:deviceScreenDensity: 240, appium:deviceScreenSize: 1200x1920, appium:deviceUDID: HA23P8P0, appium:fullReset: false, appium:javascriptEnabled: true, appium:locationContextEnabled: false, appium:networkConnectionEnabled: true, appium:noReset: true, appium:pixelRatio: 1.5, appium:platformVersion: 15, appium:statBarHeight: 59, appium:takesScreenshot: true, appium:viewportRect: {height: 1861, left: 0, top: 59, width: 1200}, appium:warnings: {}, appium:webStorageEnabled: false, platformName: ANDROID}
Session ID: 5d5a9a43-b494-40e3-b1a6-d367f7a37407
at java.base/jdk.internal.reflect.DirectConstructorHandleAccessor.newInstance(DirectConstructorHandleAccessor.java:62)
at java.base/java.lang.reflect.Constructor.newInstanceWithCaller(Constructor.java:502)
at java.base/java.lang.reflect.Constructor.newInstance(Constructor.java:486)
at org.openqa.selenium.remote.ErrorCodec.decode(ErrorCodec.java:167)
at org.openqa.selenium.remote.codec.w3c.W3CHttpResponseCodec.decode(W3CHttpResponseCodec.java:138)
at org.openqa.selenium.remote.codec.w3c.W3CHttpResponseCodec.decode(W3CHttpResponseCodec.java:50)
at org.openqa.selenium.remote.HttpCommandExecutor.execute(HttpCommandExecutor.java:215)
at io.appium.java_client.remote.AppiumCommandExecutor.execute(AppiumCommandExecutor.java:244)
at org.openqa.selenium.remote.RemoteWebDriver.execute(RemoteWebDriver.java:544)
at org.openqa.selenium.remote.ElementLocation$ElementFinder$2.findElement(ElementLocation.java:165)
at org.openqa.selenium.remote.ElementLocation.findElement(ElementLocation.java:59)
at org.openqa.selenium.remote.RemoteWebDriver.findElement(RemoteWebDriver.java:367)
at org.openqa.selenium.remote.RemoteWebDriver.findElement(RemoteWebDriver.java:361)
at amazon.Payment.search_products(Payment.java:76)
at java.base/jdk.internal.reflect.DirectMethodHandleAccessor.invoke(DirectMethodHandleAccessor.java:103)
at java.base/java.lang.reflect.Method.invoke(Method.java:580)
at org.testng.internal.MethodInvocationHelper.invokeMethod(MethodInvocationHelper.java:133)
at org.testng.internal.TestInvoker.invokeMethod(TestInvoker.java:598)
at org.testng.internal.TestInvoker.invokeTestMethod(TestInvoker.java:173)
at org.testng.internal.MethodRunner.runInSequence(MethodRunner.java:46)
at org.testng.internal.TestInvoker$MethodInvocationAgent.invoke(TestInvoker.java:824)
at org.testng.internal.TestInvoker.invokeTestMethods(TestInvoker.java:146)
at org.testng.internal.TestMethodWorker.invokeTestMethods(TestMethodWorker.java:146)
at org.testng.internal.TestMethodWorker.run(TestMethodWorker.java:128)
at java.base/java.util.ArrayList.forEach(ArrayList.java:1597)
at org.testng.TestRunner.privateRun(TestRunner.java:794)
at org.testng.TestRunner.run(TestRunner.java:596)
at org.testng.SuiteRunner.runTest(SuiteRunner.java:377)
at org.testng.SuiteRunner.runSequentially(SuiteRunner.java:371)
at org.testng.SuiteRunner.privateRun(SuiteRunner.java:332)
at org.testng.SuiteRunner.run(SuiteRunner.java:276)
at org.testng.SuiteRunnerWorker.runSuite(SuiteRunnerWorker.java:53)
at org.testng.SuiteRunnerWorker.run(SuiteRunnerWorker.java:96)
at org.testng.TestNG.runSuitesSequentially(TestNG.java:1212)
at org.testng.TestNG.runSuitesLocally(TestNG.java:1134)
at org.testng.TestNG.runSuites(TestNG.java:1063)
at org.testng.TestNG.run(TestNG.java:1031)
at org.testng.remote.AbstractRemoteTestNG.run(AbstractRemoteTestNG.java:115)
at org.testng.remote.RemoteTestNG.initAndRun(RemoteTestNG.java:293)
at org.testng.remote.RemoteTestNG.main(RemoteTestNG.java:91)
]]>
            </full-stacktrace>
          </exception> <!-- org.openqa.selenium.NoSuchElementException -->
          <reporter-output>
          </reporter-output>
        </test-method> <!-- search_products -->
        <test-method is-config="true" signature="tear_down()[pri:0, instance:amazon.Payment@4d5650ae]" started-at="2025-08-19T16:36:24 IST" name="tear_down" finished-at="2025-08-19T16:36:25 IST" duration-ms="707" status="PASS">
          <reporter-output>
          </reporter-output>
        </test-method> <!-- tear_down -->
      </class> <!-- amazon.Payment -->
    </test> <!-- Default test -->
  </suite> <!-- Default suite -->
</testng-results>
