<?xml version="1.0" encoding="UTF-8"?>
<testng-results ignored="0" total="4" passed="4" failed="0" skipped="0">
  <reporter-output>
  </reporter-output>
  <suite started-at="2025-12-18T22:32:50 IST" name="Default suite" finished-at="2025-12-18T22:32:50 IST" duration-ms="49">
    <groups>
    </groups>
    <test started-at="2025-12-18T22:32:50 IST" name="Default test" finished-at="2025-12-18T22:32:50 IST" duration-ms="49">
      <class name="package3.PreserveOrderTest">
        <test-method signature="D()[pri:0, instance:package3.PreserveOrderTest@368247b9]" started-at="2025-12-18T22:32:50 IST" name="D" finished-at="2025-12-18T22:32:50 IST" duration-ms="9" status="PASS">
          <reporter-output>
          </reporter-output>
        </test-method> <!-- D -->
        <test-method signature="B()[pri:1, instance:package3.PreserveOrderTest@368247b9]" started-at="2025-12-18T22:32:50 IST" name="B" finished-at="2025-12-18T22:32:50 IST" duration-ms="2" status="PASS">
          <reporter-output>
          </reporter-output>
        </test-method> <!-- B -->
        <test-method signature="A()[pri:2, instance:package3.PreserveOrderTest@368247b9]" started-at="2025-12-18T22:32:50 IST" name="A" finished-at="2025-12-18T22:32:50 IST" duration-ms="1" status="PASS">
          <reporter-output>
          </reporter-output>
        </test-method> <!-- A -->
        <test-method signature="C()[pri:3, instance:package3.PreserveOrderTest@368247b9]" started-at="2025-12-18T22:32:50 IST" name="C" finished-at="2025-12-18T22:32:50 IST" duration-ms="3" status="PASS">
          <reporter-output>
          </reporter-output>
        </test-method> <!-- C -->
      </class> <!-- package3.PreserveOrderTest -->
    </test> <!-- Default test -->
  </suite> <!-- Default suite -->
</testng-results>
