<?xml version="1.0" encoding="UTF-8"?>
<!-- Generated by org.testng.reporters.JUnitXMLReporter -->
<testsuite ignored="0" hostname="Rakesh" failures="1" tests="4" name="Test1" time="24.741" errors="0" timestamp="2023-08-02T21:05:24 IST">
  <testcase classname="TestCases.FileAndFramehandlingTest" name="FileHandlingTest" time="0.714"/>
  <testcase classname="TestCases.FileAndFramehandlingTest" name="frameHandlingTest" time="4.865"/>
  <testcase classname="TestCases.WindowHandlingTest" name="alertTest" time="4.889"/>
  <testcase classname="TestCases.WindowHandlingTest" name="irctcWindowTest" time="14.202">
    <failure type="java.lang.ArithmeticException" message="/ by zero">
      <![CDATA[java.lang.ArithmeticException: / by zero
at TestCases.WindowHandlingTest.irctcWindowTest(WindowHandlingTest.java:62)
at java.base/java.util.ArrayList.forEach(ArrayList.java:1511)
... Removed 27 stack frames]]>
    </failure>
  </testcase> <!-- irctcWindowTest -->
</testsuite> <!-- Test1 -->
