<?xml version="1.0" encoding="UTF-8"?>
<!-- Generated by org.testng.reporters.JUnitXMLReporter -->
<testsuite ignored="3" hostname="NishMage" failures="0" tests="2" name="Test" time="0.047" errors="0" timestamp="2025-12-18T21:53:18 IST">
  <testcase classname="package1.LoginTest" name="login" time="0.011"/>
  <testcase classname="package1.LoginTest" name="login1" time="0.001"/>
  <testcase classname="package1.LoginTest" name="login4" time="0.0">
    <ignored/>
  </testcase> <!-- login4 -->
  <testcase classname="package1.LoginTest" name="login2" time="0.0">
    <ignored/>
  </testcase> <!-- login2 -->
  <testcase classname="package1.LoginTest" name="login3" time="0.0">
    <ignored/>
  </testcase> <!-- login3 -->
</testsuite> <!-- Test -->
